<testsuite name="Mocha Tests" tests="0" failures="0" errors="0" skipped="0" timestamp="Tue, 07 Oct 2014 12:47:02 GMT" time="0.001">
</testsuite>
